Using pre-set license
Built from '2021.3/staging' branch; Version is '2021.3.3f1 (af2e63e8f9bd) revision 11480675'; Using compiler version '192829333'; Build Type 'Release'
OS: 'Windows 10  (10.0.19044) 64bit Professional' Language: 'pl' Physical Memory: 8133 MB
BatchMode: 1, IsHumanControllingUs: 0, StartBugReporterOnCrash: 0, Is64bit: 1, IsPro: 1

COMMAND LINE ARGUMENTS:
D:\Unity\2021.3.3f1\Editor\Unity.exe
-adb2
-batchMode
-noUpm
-name
AssetImportWorker0
-projectPath
E:/ObroncaOsad/ObroncaOsady
-logFile
Logs/AssetImportWorker0.log
-srvPort
56191
Successfully changed project path to: E:/ObroncaOsad/ObroncaOsady
E:/ObroncaOsad/ObroncaOsady
[UnityMemory] Configuration Parameters - Can be set up in boot.config
    "memorysetup-bucket-allocator-granularity=16"
    "memorysetup-bucket-allocator-bucket-count=8"
    "memorysetup-bucket-allocator-block-size=33554432"
    "memorysetup-bucket-allocator-block-count=8"
    "memorysetup-main-allocator-block-size=16777216"
    "memorysetup-thread-allocator-block-size=16777216"
    "memorysetup-gfx-main-allocator-block-size=16777216"
    "memorysetup-gfx-thread-allocator-block-size=16777216"
    "memorysetup-cache-allocator-block-size=4194304"
    "memorysetup-typetree-allocator-block-size=2097152"
    "memorysetup-profiler-bucket-allocator-granularity=16"
    "memorysetup-profiler-bucket-allocator-bucket-count=8"
    "memorysetup-profiler-bucket-allocator-block-size=33554432"
    "memorysetup-profiler-bucket-allocator-block-count=8"
    "memorysetup-profiler-allocator-block-size=16777216"
    "memorysetup-profiler-editor-allocator-block-size=1048576"
    "memorysetup-temp-allocator-size-main=16777216"
    "memorysetup-job-temp-allocator-block-size=2097152"
    "memorysetup-job-temp-allocator-block-size-background=1048576"
    "memorysetup-job-temp-allocator-reduction-small-platforms=262144"
    "memorysetup-temp-allocator-size-background-worker=32768"
    "memorysetup-temp-allocator-size-job-worker=262144"
    "memorysetup-temp-allocator-size-preload-manager=33554432"
    "memorysetup-temp-allocator-size-nav-mesh-worker=65536"
    "memorysetup-temp-allocator-size-audio-worker=65536"
    "memorysetup-temp-allocator-size-cloud-worker=32768"
    "memorysetup-temp-allocator-size-gi-baking-worker=262144"
    "memorysetup-temp-allocator-size-gfx=262144"
Refreshing native plugins compatible for Editor in 111.98 ms, found 3 plugins.
Preloading 0 native plugins for Editor in 0.00 ms.
Initialize engine version: 2021.3.3f1 (af2e63e8f9bd)
[Subsystems] Discovering subsystems at path D:/Unity/2021.3.3f1/Editor/Data/Resources/UnitySubsystems
[Subsystems] Discovering subsystems at path E:/ObroncaOsad/ObroncaOsady/Assets
GfxDevice: creating device client; threaded=0; jobified=0
Direct3D:
    Version:  Direct3D 11.0 [level 11.1]
    Renderer: NVIDIA GeForce GT 1030 (ID=0x1d01)
    Vendor:   NVIDIA
    VRAM:     1982 MB
    Driver:   31.0.15.1694
Initialize mono
Mono path[0] = 'D:/Unity/2021.3.3f1/Editor/Data/Managed'
Mono path[1] = 'D:/Unity/2021.3.3f1/Editor/Data/MonoBleedingEdge/lib/mono/unityjit-win32'
Mono config path = 'D:/Unity/2021.3.3f1/Editor/Data/MonoBleedingEdge/etc'
Using monoOptions --debugger-agent=transport=dt_socket,embedding=1,server=y,suspend=n,address=127.0.0.1:56184
Begin MonoManager ReloadAssembly
Registering precompiled unity dll's ...
Register platform support module: D:/Unity/2021.3.3f1/Editor/Data/PlaybackEngines/WindowsStandaloneSupport/UnityEditor.WindowsStandalone.Extensions.dll
Registered in 0.007093 seconds.
Native extension for WindowsStandalone target not found
Refreshing native plugins compatible for Editor in 147.79 ms, found 3 plugins.
Preloading 0 native plugins for Editor in 0.00 ms.
Mono: successfully reloaded assembly
- Completed reload, in  1.079 seconds
Domain Reload Profiling:
	ReloadAssembly (1080ms)
		BeginReloadAssembly (79ms)
			ExecutionOrderSort (0ms)
			DisableScriptedObjects (0ms)
			BackupInstance (0ms)
			ReleaseScriptingObjects (0ms)
			CreateAndSetChildDomain (1ms)
		EndReloadAssembly (793ms)
			LoadAssemblies (78ms)
			RebuildTransferFunctionScriptingTraits (0ms)
			SetupTypeCache (223ms)
			ReleaseScriptCaches (0ms)
			RebuildScriptCaches (40ms)
			SetupLoadedEditorAssemblies (459ms)
				LogAssemblyErrors (0ms)
				InitializePlatformSupportModulesInManaged (9ms)
				SetLoadedEditorAssemblies (0ms)
				RefreshPlugins (148ms)
				BeforeProcessingInitializeOnLoad (2ms)
				ProcessInitializeOnLoadAttributes (218ms)
				ProcessInitializeOnLoadMethodAttributes (81ms)
				AfterProcessingInitializeOnLoad (0ms)
				EditorAssembliesLoaded (0ms)
			ExecutionOrderSort2 (0ms)
			AwakeInstancesAfterBackupRestoration (0ms)
Platform modules already initialized, skipping
Registering precompiled user dll's ...
Registered in 0.004122 seconds.
Begin MonoManager ReloadAssembly
Symbol file LoadedFromMemory doesn't match image E:\ObroncaOsad\ObroncaOsady\Library\PackageCache\com.unity.visualscripting@1.7.6\Editor\VisualScripting.Core\Dependencies\YamlDotNet\Unity.VisualScripting.YamlDotNet.dll
Symbol file LoadedFromMemory doesn't match image E:\ObroncaOsad\ObroncaOsady\Library\PackageCache\com.unity.visualscripting@1.7.6\Editor\VisualScripting.Core\Dependencies\DotNetZip\Unity.VisualScripting.IonicZip.dll
Native extension for WindowsStandalone target not found
Refreshing native plugins compatible for Editor in 1.13 ms, found 3 plugins.
Preloading 0 native plugins for Editor in 0.00 ms.
Mono: successfully reloaded assembly
- Completed reload, in  1.362 seconds
Domain Reload Profiling:
	ReloadAssembly (1363ms)
		BeginReloadAssembly (135ms)
			ExecutionOrderSort (0ms)
			DisableScriptedObjects (8ms)
			BackupInstance (0ms)
			ReleaseScriptingObjects (0ms)
			CreateAndSetChildDomain (29ms)
		EndReloadAssembly (1076ms)
			LoadAssemblies (87ms)
			RebuildTransferFunctionScriptingTraits (0ms)
			SetupTypeCache (376ms)
			ReleaseScriptCaches (1ms)
			RebuildScriptCaches (75ms)
			SetupLoadedEditorAssemblies (486ms)
				LogAssemblyErrors (0ms)
				InitializePlatformSupportModulesInManaged (5ms)
				SetLoadedEditorAssemblies (1ms)
				RefreshPlugins (1ms)
				BeforeProcessingInitializeOnLoad (108ms)
				ProcessInitializeOnLoadAttributes (331ms)
				ProcessInitializeOnLoadMethodAttributes (36ms)
				AfterProcessingInitializeOnLoad (3ms)
				EditorAssembliesLoaded (0ms)
			ExecutionOrderSort2 (0ms)
			AwakeInstancesAfterBackupRestoration (7ms)
Platform modules already initialized, skipping
========================================================================
Worker process is ready to serve import requests
Launched and connected shader compiler UnityShaderCompiler.exe after 0.07 seconds
Refreshing native plugins compatible for Editor in 0.72 ms, found 3 plugins.
Preloading 0 native plugins for Editor in 0.00 ms.
Unloading 3712 Unused Serialized files (Serialized files now loaded: 0)
Unloading 41 unused Assets / (0.5 MB). Loaded Objects now: 4203.
Memory consumption went from 166.3 MB to 165.8 MB.
Total: 4.558300 ms (FindLiveObjects: 0.388300 ms CreateObjectMapping: 0.390900 ms MarkObjects: 3.439400 ms  DeleteObjects: 0.338200 ms)

AssetImportParameters requested are different than current active one (requested -> active):
  custom:video-decoder-ogg-theora: a1e56fd34408186e4bbccfd4996cb3dc -> 
  custom:container-muxer-webm: aa71ff27fc2769a1b78a27578f13a17b -> 
  custom:container-demuxer-webm: 4f35f7cbe854078d1ac9338744f61a02 -> 
  custom:video-encoder-webm-vp8: eb34c28f22e8b96e1ab97ce403110664 -> 
  custom:audio-encoder-webm-vorbis: bf7c407c2cedff20999df2af8eb42d56 -> 
  custom:framework-win-MediaFoundation: 216162199b28c13a410421893ffa2e32 -> 
  custom:container-demuxer-ogg: 62fdf1f143b41e24485cea50d1cbac27 -> 
  custom:video-decoder-webm-vp8: 9c59270c3fd7afecdb556c50c9e8de78 -> 
  custom:audio-decoder-ogg-vorbis: bf7c407c2cedff20999df2af8eb42d56 -> 
========================================================================
Received Import Request.
  Time since last request: 247420.792883 seconds.
  path: Assets/New Material.mat
  artifactKey: Guid(19a91d060d5b5e440a4634a3374d708d) Importer(815301076,1909f56bfc062723c751e8b465ee728b)
Start importing Assets/New Material.mat using Guid(19a91d060d5b5e440a4634a3374d708d) Importer(815301076,1909f56bfc062723c751e8b465ee728b)  -> (artifact id: 'f9dfea5597cfc9105b64289dd0064c13') in 0.186846 seconds 
========================================================================
Received Import Request.
  Time since last request: 106.442689 seconds.
  path: Assets/Objects/watchTower 1.fbx
  artifactKey: Guid(7cc86367373d1704dabdfe9e9f9c2edd) Importer(815301076,1909f56bfc062723c751e8b465ee728b)
Start importing Assets/Objects/watchTower 1.fbx using Guid(7cc86367373d1704dabdfe9e9f9c2edd) Importer(815301076,1909f56bfc062723c751e8b465ee728b)  -> (artifact id: '840a869e0fc10408d1a78ad042266740') in 0.107395 seconds 
========================================================================
Received Import Request.
  Time since last request: 91.399730 seconds.
  path: Assets/Objects/watchTower.fbx
  artifactKey: Guid(c3d11d03fcbac2848addb6e8b10d79ab) Importer(815301076,1909f56bfc062723c751e8b465ee728b)
Start importing Assets/Objects/watchTower.fbx using Guid(c3d11d03fcbac2848addb6e8b10d79ab) Importer(815301076,1909f56bfc062723c751e8b465ee728b)  -> (artifact id: '288420a1626df097e8928342236d875a') in 0.040242 seconds 
========================================================================
Received Import Request.
  Time since last request: 320.477741 seconds.
  path: Assets/Objects/meterial.fbx
  artifactKey: Guid(e496ee4ef9782ce4bab997dbfdaceeff) Importer(815301076,1909f56bfc062723c751e8b465ee728b)
Start importing Assets/Objects/meterial.fbx using Guid(e496ee4ef9782ce4bab997dbfdaceeff) Importer(815301076,1909f56bfc062723c751e8b465ee728b)  -> (artifact id: '5f89bdf06391a63638380ea5edb415ab') in 0.031491 seconds 
========================================================================
Received Import Request.
  Time since last request: 809.595579 seconds.
  path: Assets/assets
  artifactKey: Guid(0fbf5514dfa2a704d8443ce204f47c4f) Importer(815301076,1909f56bfc062723c751e8b465ee728b)
Start importing Assets/assets using Guid(0fbf5514dfa2a704d8443ce204f47c4f) Importer(815301076,1909f56bfc062723c751e8b465ee728b)  -> (artifact id: '58a5f382ec5c3c669e9447b967d86406') in 0.013723 seconds 
========================================================================
Received Import Request.
  Time since last request: 682.608777 seconds.
  path: Assets/Objects/watchTower 2.fbx
  artifactKey: Guid(8792a647cef31884d8a556d8ae2dd129) Importer(815301076,1909f56bfc062723c751e8b465ee728b)
Start importing Assets/Objects/watchTower 2.fbx using Guid(8792a647cef31884d8a556d8ae2dd129) Importer(815301076,1909f56bfc062723c751e8b465ee728b)  -> (artifact id: 'cdcdaf0274405d6bdf3074cd9047bb94') in 0.037736 seconds 
========================================================================
Received Import Request.
  Time since last request: 16.355106 seconds.
  path: Assets/Objects/watchTower.fbx
  artifactKey: Guid(c3d11d03fcbac2848addb6e8b10d79ab) Importer(815301076,1909f56bfc062723c751e8b465ee728b)
Start importing Assets/Objects/watchTower.fbx using Guid(c3d11d03fcbac2848addb6e8b10d79ab) Importer(815301076,1909f56bfc062723c751e8b465ee728b)  -> (artifact id: '832a1b5c4508a7eda7b11e4c327e3440') in 0.039834 seconds 
========================================================================
Received Import Request.
  Time since last request: 15.883960 seconds.
  path: Assets/Materials/colors 3.mat
  artifactKey: Guid(c73262f229392f640a6c0f22550f2e1e) Importer(815301076,1909f56bfc062723c751e8b465ee728b)
Start importing Assets/Materials/colors 3.mat using Guid(c73262f229392f640a6c0f22550f2e1e) Importer(815301076,1909f56bfc062723c751e8b465ee728b)  -> (artifact id: '99a7af712d95c676cb8f6146074f559e') in 0.014253 seconds 
========================================================================
Received Import Request.
  Time since last request: 80.158093 seconds.
  path: Assets/Objects/watchTower 1.fbx
  artifactKey: Guid(7cc86367373d1704dabdfe9e9f9c2edd) Importer(815301076,1909f56bfc062723c751e8b465ee728b)
Start importing Assets/Objects/watchTower 1.fbx using Guid(7cc86367373d1704dabdfe9e9f9c2edd) Importer(815301076,1909f56bfc062723c751e8b465ee728b)  -> (artifact id: '014c8f8f8f7b04a9cc0ca35d2e8ddeca') in 0.029528 seconds 
========================================================================
Received Import Request.
  Time since last request: 165.740796 seconds.
  path: Assets/Materials/pixil-frame-0.png
  artifactKey: Guid(67396a760db8b5c4cb7cc4e070a8c5ec) Importer(815301076,1909f56bfc062723c751e8b465ee728b)
Start importing Assets/Materials/pixil-frame-0.png using Guid(67396a760db8b5c4cb7cc4e070a8c5ec) Importer(815301076,1909f56bfc062723c751e8b465ee728b)  -> (artifact id: '0a3298ceccfd4694407246c9021fb668') in 0.033310 seconds 
========================================================================
Received Import Request.
  Time since last request: 58.280796 seconds.
  path: Assets/Materials/Materials/Materials
  artifactKey: Guid(8c3288e68c81b7b4492aedb0662ea202) Importer(815301076,1909f56bfc062723c751e8b465ee728b)
Start importing Assets/Materials/Materials/Materials using Guid(8c3288e68c81b7b4492aedb0662ea202) Importer(815301076,1909f56bfc062723c751e8b465ee728b)  -> (artifact id: 'c474555dcc74251b252e1da43d1e2b7c') in 0.004991 seconds 
========================================================================
Received Import Request.
  Time since last request: 0.020901 seconds.
  path: Assets/Materials/Materials/Materials/colors.mat
  artifactKey: Guid(382422a277d84bd4a83aa44903dddad4) Importer(815301076,1909f56bfc062723c751e8b465ee728b)
Start importing Assets/Materials/Materials/Materials/colors.mat using Guid(382422a277d84bd4a83aa44903dddad4) Importer(815301076,1909f56bfc062723c751e8b465ee728b)  -> (artifact id: '79c6e046183b11d545d43a1402eb3cbe') in 0.015491 seconds 
========================================================================
Received Import Request.
  Time since last request: 47.245819 seconds.
  path: Assets/Materials/pixil-frame-0.png
  artifactKey: Guid(67396a760db8b5c4cb7cc4e070a8c5ec) Importer(815301076,1909f56bfc062723c751e8b465ee728b)
Start importing Assets/Materials/pixil-frame-0.png using Guid(67396a760db8b5c4cb7cc4e070a8c5ec) Importer(815301076,1909f56bfc062723c751e8b465ee728b)  -> (artifact id: '0ae2252b205fbb3e894747fcc3368040') in 0.010161 seconds 
========================================================================
Received Import Request.
  Time since last request: 202.733499 seconds.
  path: Assets/Materials/colors.jpg
  artifactKey: Guid(1fb08e6fd21ace543a8997c961c29e47) Importer(815301076,1909f56bfc062723c751e8b465ee728b)
Start importing Assets/Materials/colors.jpg using Guid(1fb08e6fd21ace543a8997c961c29e47) Importer(815301076,1909f56bfc062723c751e8b465ee728b)  -> (artifact id: '30296157f55dd4837b20fca48df92954') in 0.018280 seconds 
========================================================================
Received Import Request.
  Time since last request: 6.492500 seconds.
  path: Assets/Materials/Materials/colors.mat
  artifactKey: Guid(9325b05759c35dd4297d41062b10f81c) Importer(815301076,1909f56bfc062723c751e8b465ee728b)
Start importing Assets/Materials/Materials/colors.mat using Guid(9325b05759c35dd4297d41062b10f81c) Importer(815301076,1909f56bfc062723c751e8b465ee728b)  -> (artifact id: '452f09de747013e3af7949566a79940b') in 0.018489 seconds 
========================================================================
Received Import Request.
  Time since last request: 79.507888 seconds.
  path: Assets/Materials/colors.png
  artifactKey: Guid(a85e29773d029344d8c321687dcb30b1) Importer(815301076,1909f56bfc062723c751e8b465ee728b)
Start importing Assets/Materials/colors.png using Guid(a85e29773d029344d8c321687dcb30b1) Importer(815301076,1909f56bfc062723c751e8b465ee728b)  -> (artifact id: 'fbf51da9142c2dc3018c688085194ac7') in 0.009294 seconds 
========================================================================
Received Import Request.
  Time since last request: 69.406937 seconds.
  path: Assets/Materials/colors2.png
  artifactKey: Guid(9e1998d76c0fc0047a77f0296412d808) Importer(815301076,1909f56bfc062723c751e8b465ee728b)
Start importing Assets/Materials/colors2.png using Guid(9e1998d76c0fc0047a77f0296412d808) Importer(815301076,1909f56bfc062723c751e8b465ee728b)  -> (artifact id: '52650e0e5d474b479fba47ffdff02c72') in 0.013405 seconds 
========================================================================
Received Import Request.
  Time since last request: 123.860778 seconds.
  path: Assets/Materials/colors.png
  artifactKey: Guid(a85e29773d029344d8c321687dcb30b1) Importer(815301076,1909f56bfc062723c751e8b465ee728b)
Start importing Assets/Materials/colors.png using Guid(a85e29773d029344d8c321687dcb30b1) Importer(815301076,1909f56bfc062723c751e8b465ee728b)  -> (artifact id: 'cbfa3ae410976d46df66333b775c65d6') in 0.015119 seconds 
========================================================================
Received Import Request.
  Time since last request: 19.786262 seconds.
  path: Assets/PreFabs/fence.prefab
  artifactKey: Guid(bab2261adbb7231429af05d6742eada0) Importer(815301076,1909f56bfc062723c751e8b465ee728b)
Start importing Assets/PreFabs/fence.prefab using Guid(bab2261adbb7231429af05d6742eada0) Importer(815301076,1909f56bfc062723c751e8b465ee728b)  -> (artifact id: '5c4f5c3c04d11c2fed7a57266de6643f') in 0.020899 seconds 
========================================================================
Received Import Request.
  Time since last request: 0.000034 seconds.
  path: Assets/PreFabs/House.prefab
  artifactKey: Guid(8c0765882a080904b83d46ef74b5766a) Importer(815301076,1909f56bfc062723c751e8b465ee728b)
Start importing Assets/PreFabs/House.prefab using Guid(8c0765882a080904b83d46ef74b5766a) Importer(815301076,1909f56bfc062723c751e8b465ee728b)  -> (artifact id: '45f79623cbb0071288080ce10e5304ed') in 0.028493 seconds 
========================================================================
Received Import Request.
  Time since last request: 0.000033 seconds.
  path: Assets/PreFabs/fireplace.prefab
  artifactKey: Guid(872c4060e06e8df4aa9a23b78beb1227) Importer(815301076,1909f56bfc062723c751e8b465ee728b)
Start importing Assets/PreFabs/fireplace.prefab using Guid(872c4060e06e8df4aa9a23b78beb1227) Importer(815301076,1909f56bfc062723c751e8b465ee728b)  -> (artifact id: '85a3ac72fe7fdd0fb4015edd618efc85') in 0.019534 seconds 
========================================================================
Received Import Request.
  Time since last request: 0.000023 seconds.
  path: Assets/PreFabs/House1.prefab
  artifactKey: Guid(17a23df5b6cc44d4a9a62febc9bb8f72) Importer(815301076,1909f56bfc062723c751e8b465ee728b)
Start importing Assets/PreFabs/House1.prefab using Guid(17a23df5b6cc44d4a9a62febc9bb8f72) Importer(815301076,1909f56bfc062723c751e8b465ee728b)  -> (artifact id: '8d53adc9341aab1d4a2ba399187dfed3') in 0.031706 seconds 
========================================================================
Received Import Request.
  Time since last request: 0.000031 seconds.
  path: Assets/PreFabs/sword.prefab
  artifactKey: Guid(69d87e0ca0790464eac84e08b7bafc27) Importer(815301076,1909f56bfc062723c751e8b465ee728b)
Start importing Assets/PreFabs/sword.prefab using Guid(69d87e0ca0790464eac84e08b7bafc27) Importer(815301076,1909f56bfc062723c751e8b465ee728b)  -> (artifact id: '13de63294fcdbcc4816735426dd69f28') in 0.020136 seconds 
========================================================================
Received Import Request.
  Time since last request: 0.000036 seconds.
  path: Assets/PreFabs/watchTower.prefab
  artifactKey: Guid(409d754795ba18c4c9e7c3805465ecdc) Importer(815301076,1909f56bfc062723c751e8b465ee728b)
Start importing Assets/PreFabs/watchTower.prefab using Guid(409d754795ba18c4c9e7c3805465ecdc) Importer(815301076,1909f56bfc062723c751e8b465ee728b)  -> (artifact id: '07663da4da07a7c12d3287f358bdf9d6') in 0.008591 seconds 
========================================================================
Received Import Request.
  Time since last request: 16.731580 seconds.
  path: Assets/PreFabs/House1.prefab
  artifactKey: Guid(17a23df5b6cc44d4a9a62febc9bb8f72) Importer(815301076,1909f56bfc062723c751e8b465ee728b)
Start importing Assets/PreFabs/House1.prefab using Guid(17a23df5b6cc44d4a9a62febc9bb8f72) Importer(815301076,1909f56bfc062723c751e8b465ee728b)  -> (artifact id: '41e9eaa9b987b9b92ebe0dfa64bb2a2c') in 0.035215 seconds 
========================================================================
Received Import Request.
  Time since last request: 1.653452 seconds.
  path: Assets/PreFabs/House.prefab
  artifactKey: Guid(8c0765882a080904b83d46ef74b5766a) Importer(815301076,1909f56bfc062723c751e8b465ee728b)
Start importing Assets/PreFabs/House.prefab using Guid(8c0765882a080904b83d46ef74b5766a) Importer(815301076,1909f56bfc062723c751e8b465ee728b)  -> (artifact id: 'c3d5ff93652c0046ee59930157137366') in 0.035611 seconds 
========================================================================
Received Import Request.
  Time since last request: 1.394666 seconds.
  path: Assets/PreFabs/fireplace.prefab
  artifactKey: Guid(872c4060e06e8df4aa9a23b78beb1227) Importer(815301076,1909f56bfc062723c751e8b465ee728b)
Start importing Assets/PreFabs/fireplace.prefab using Guid(872c4060e06e8df4aa9a23b78beb1227) Importer(815301076,1909f56bfc062723c751e8b465ee728b)  -> (artifact id: '5e0d373d52b86b4cc5e228c62bdab684') in 0.025655 seconds 
========================================================================
Received Import Request.
  Time since last request: 1.475800 seconds.
  path: Assets/PreFabs/fence.prefab
  artifactKey: Guid(bab2261adbb7231429af05d6742eada0) Importer(815301076,1909f56bfc062723c751e8b465ee728b)
Start importing Assets/PreFabs/fence.prefab using Guid(bab2261adbb7231429af05d6742eada0) Importer(815301076,1909f56bfc062723c751e8b465ee728b)  -> (artifact id: '013add4fd7da7cd4f6fd77d111783236') in 0.022326 seconds 
========================================================================
Received Import Request.
  Time since last request: 5.265381 seconds.
  path: Assets/PreFabs/watchTower 1.prefab
  artifactKey: Guid(3af9da2d08e494a44b6c09d00f2ce2b7) Importer(815301076,1909f56bfc062723c751e8b465ee728b)
Start importing Assets/PreFabs/watchTower 1.prefab using Guid(3af9da2d08e494a44b6c09d00f2ce2b7) Importer(815301076,1909f56bfc062723c751e8b465ee728b)  -> (artifact id: 'f07887e590d8063d4fc9720f77e4d37f') in 0.021036 seconds 
========================================================================
Received Import Request.
  Time since last request: 17.592610 seconds.
  path: Assets/PreFabs/sword.prefab
  artifactKey: Guid(69d87e0ca0790464eac84e08b7bafc27) Importer(815301076,1909f56bfc062723c751e8b465ee728b)
Start importing Assets/PreFabs/sword.prefab using Guid(69d87e0ca0790464eac84e08b7bafc27) Importer(815301076,1909f56bfc062723c751e8b465ee728b)  -> (artifact id: 'f9b19685859a24185240e192e8ab4e6c') in 0.018734 seconds 
========================================================================
Received Import Request.
  Time since last request: 8.789235 seconds.
  path: Assets/PreFabs/sword.prefab
  artifactKey: Guid(69d87e0ca0790464eac84e08b7bafc27) Importer(815301076,1909f56bfc062723c751e8b465ee728b)
Start importing Assets/PreFabs/sword.prefab using Guid(69d87e0ca0790464eac84e08b7bafc27) Importer(815301076,1909f56bfc062723c751e8b465ee728b)  -> (artifact id: 'f8118457dec0402c75c361d98d9f5bb9') in 0.021855 seconds 
========================================================================
Received Import Request.
  Time since last request: 0.000030 seconds.
  path: Assets/PreFabs/fence.prefab
  artifactKey: Guid(bab2261adbb7231429af05d6742eada0) Importer(815301076,1909f56bfc062723c751e8b465ee728b)
Start importing Assets/PreFabs/fence.prefab using Guid(bab2261adbb7231429af05d6742eada0) Importer(815301076,1909f56bfc062723c751e8b465ee728b)  -> (artifact id: '42e408f9f46baab578681a7c31447ce3') in 0.019695 seconds 
========================================================================
Received Import Request.
  Time since last request: 0.000034 seconds.
  path: Assets/PreFabs/House.prefab
  artifactKey: Guid(8c0765882a080904b83d46ef74b5766a) Importer(815301076,1909f56bfc062723c751e8b465ee728b)
Start importing Assets/PreFabs/House.prefab using Guid(8c0765882a080904b83d46ef74b5766a) Importer(815301076,1909f56bfc062723c751e8b465ee728b)  -> (artifact id: '60a74b1db6c6606a6a3b0ba2ec4b53ed') in 0.031471 seconds 
========================================================================
Received Import Request.
  Time since last request: 0.000036 seconds.
  path: Assets/PreFabs/fireplace.prefab
  artifactKey: Guid(872c4060e06e8df4aa9a23b78beb1227) Importer(815301076,1909f56bfc062723c751e8b465ee728b)
Start importing Assets/PreFabs/fireplace.prefab using Guid(872c4060e06e8df4aa9a23b78beb1227) Importer(815301076,1909f56bfc062723c751e8b465ee728b)  -> (artifact id: '40e1d2647646077e6595dd15b928f958') in 0.021239 seconds 
========================================================================
Received Import Request.
  Time since last request: 0.000026 seconds.
  path: Assets/PreFabs/House1.prefab
  artifactKey: Guid(17a23df5b6cc44d4a9a62febc9bb8f72) Importer(815301076,1909f56bfc062723c751e8b465ee728b)
Start importing Assets/PreFabs/House1.prefab using Guid(17a23df5b6cc44d4a9a62febc9bb8f72) Importer(815301076,1909f56bfc062723c751e8b465ee728b)  -> (artifact id: '38388672d1f4f6125c58dfd0b9aebb53') in 0.033848 seconds 
========================================================================
Received Import Request.
  Time since last request: 0.000025 seconds.
  path: Assets/PreFabs/watchTower 1.prefab
  artifactKey: Guid(3af9da2d08e494a44b6c09d00f2ce2b7) Importer(815301076,1909f56bfc062723c751e8b465ee728b)
Start importing Assets/PreFabs/watchTower 1.prefab using Guid(3af9da2d08e494a44b6c09d00f2ce2b7) Importer(815301076,1909f56bfc062723c751e8b465ee728b)  -> (artifact id: '274d7fea689747be4c5d38fd90991bbb') in 0.021761 seconds 
